0 info it worked if it ends with ok
1 verbose cli [ '/usr/bin/nodejs', '/usr/bin/npm', 'version', '0.1.8' ]
2 info using npm@3.9.6
3 info using node@v6.2.0
4 info git [ 'status', '--porcelain' ]
5 verbose stack Error: Git working directory not clean.
5 verbose stack D  M-D
5 verbose stack A  README.md
5 verbose stack M  app/index.js
5 verbose stack R  app/templates/_babelrc -> app/templates/.babelrc
5 verbose stack R  app/templates/_editorconfig -> app/templates/.editorconfig
5 verbose stack R  app/templates/_eslintrc.js -> app/templates/.eslintrc.js
5 verbose stack R  app/templates/_gitignore -> app/templates/.gitignore
5 verbose stack M  package.json
5 verbose stack     at /usr/lib/node_modules/npm/lib/version.js:246:19
5 verbose stack     at ChildProcess.exithandler (child_process.js:193:7)
5 verbose stack     at emitTwo (events.js:106:13)
5 verbose stack     at ChildProcess.emit (events.js:191:7)
5 verbose stack     at maybeClose (internal/child_process.js:850:16)
5 verbose stack     at Socket.<anonymous> (internal/child_process.js:323:11)
5 verbose stack     at emitOne (events.js:96:13)
5 verbose stack     at Socket.emit (events.js:188:7)
5 verbose stack     at Pipe._handle.close [as _onclose] (net.js:492:12)
6 verbose cwd /home/alvim/Dev/generator-vtex-scaffold
7 error Linux 4.4.0-24-generic
8 error argv "/usr/bin/nodejs" "/usr/bin/npm" "version" "0.1.8"
9 error node v6.2.0
10 error npm  v3.9.6
11 error Git working directory not clean.
11 error D  M-D
11 error A  README.md
11 error M  app/index.js
11 error R  app/templates/_babelrc -> app/templates/.babelrc
11 error R  app/templates/_editorconfig -> app/templates/.editorconfig
11 error R  app/templates/_eslintrc.js -> app/templates/.eslintrc.js
11 error R  app/templates/_gitignore -> app/templates/.gitignore
11 error M  package.json
12 error If you need help, you may report this error at:
12 error     <https://github.com/npm/npm/issues>
13 verbose exit [ 1, true ]
